<?xml version="1.0" encoding="UTF-8"?>
<testng-results ignored="13" total="23" passed="10" failed="0" skipped="0">
  <reporter-output>
  </reporter-output>
  <suite started-at="2023-05-18T11:56:55 IST" name="Suite" finished-at="2023-05-18T11:57:35 IST" duration-ms="39970">
    <groups>
      <group name="Sanity">
        <method signature="ItemDetailedPageTest.addItemToCart()[pri:0, instance:com.ecommercepoc.testcases.ItemDetailedPageTest@4b013c76]" name="addItemToCart" class="com.ecommercepoc.testcases.ItemDetailedPageTest"/>
        <method signature="loginPageTest.loginTest(java.lang.String,java.lang.String)[pri:0, instance:com.ecommercepoc.testcases.loginPageTest@548d708a]" name="loginTest" class="com.ecommercepoc.testcases.loginPageTest"/>
      </group> <!-- Sanity -->
      <group name="Regression">
        <method signature="ItemDetailedPageTest.addItemToCart()[pri:0, instance:com.ecommercepoc.testcases.ItemDetailedPageTest@4b013c76]" name="addItemToCart" class="com.ecommercepoc.testcases.ItemDetailedPageTest"/>
      </group> <!-- Regression -->
      <group name="Smoke">
        <method signature="loginPageTest.loginTest(java.lang.String,java.lang.String)[pri:0, instance:com.ecommercepoc.testcases.loginPageTest@548d708a]" name="loginTest" class="com.ecommercepoc.testcases.loginPageTest"/>
        <method signature="loginPageTest.verifyLogo()[pri:0, instance:com.ecommercepoc.testcases.loginPageTest@548d708a]" name="verifyLogo" class="com.ecommercepoc.testcases.loginPageTest"/>
        <method signature="loginPageTest.verifyTitle()[pri:0, instance:com.ecommercepoc.testcases.loginPageTest@548d708a]" name="verifyTitle" class="com.ecommercepoc.testcases.loginPageTest"/>
      </group> <!-- Smoke -->
    </groups>
    <test started-at="2023-05-18T11:56:55 IST" name="Test_All" finished-at="2023-05-18T11:57:35 IST" duration-ms="39939">
      <class name="com.ecommercepoc.testcases.CheckoutOverviewPageTest">
        <test-method is-config="true" signature="setup()[pri:0, instance:com.ecommercepoc.testcases.CheckoutOverviewPageTest@4be29ed9]" started-at="2023-05-18T11:57:01 IST" name="setup" finished-at="2023-05-18T11:57:03 IST" duration-ms="1539" status="PASS">
          <reporter-output>
          </reporter-output>
        </test-method> <!-- setup -->
        <test-method signature="verifyTotalPrice()[pri:0, instance:com.ecommercepoc.testcases.CheckoutOverviewPageTest@4be29ed9]" started-at="2023-05-18T11:57:03 IST" name="verifyTotalPrice" finished-at="2023-05-18T11:57:05 IST" duration-ms="1826" status="PASS">
          <reporter-output>
          </reporter-output>
        </test-method> <!-- verifyTotalPrice -->
        <test-method is-config="true" signature="tearDown()[pri:0, instance:com.ecommercepoc.testcases.CheckoutOverviewPageTest@4be29ed9]" started-at="2023-05-18T11:57:05 IST" name="tearDown" finished-at="2023-05-18T11:57:05 IST" duration-ms="188" status="PASS">
          <reporter-output>
          </reporter-output>
        </test-method> <!-- tearDown -->
      </class> <!-- com.ecommercepoc.testcases.CheckoutOverviewPageTest -->
      <class name="com.ecommercepoc.testcases.CheckoutCompletePageTest">
        <test-method is-config="true" signature="setup()[pri:0, instance:com.ecommercepoc.testcases.CheckoutCompletePageTest@cb0755b]" started-at="2023-05-18T11:57:25 IST" name="setup" finished-at="2023-05-18T11:57:27 IST" duration-ms="2811" status="PASS">
          <reporter-output>
          </reporter-output>
        </test-method> <!-- setup -->
        <test-method signature="verifyCOnfifrmOrder()[pri:0, instance:com.ecommercepoc.testcases.CheckoutCompletePageTest@cb0755b]" started-at="2023-05-18T11:57:27 IST" name="verifyCOnfifrmOrder" finished-at="2023-05-18T11:57:29 IST" duration-ms="1880" status="PASS">
          <reporter-output>
          </reporter-output>
        </test-method> <!-- verifyCOnfifrmOrder -->
        <test-method is-config="true" signature="tearDown()[pri:0, instance:com.ecommercepoc.testcases.CheckoutCompletePageTest@cb0755b]" started-at="2023-05-18T11:57:29 IST" name="tearDown" finished-at="2023-05-18T11:57:30 IST" duration-ms="181" status="PASS">
          <reporter-output>
          </reporter-output>
        </test-method> <!-- tearDown -->
      </class> <!-- com.ecommercepoc.testcases.CheckoutCompletePageTest -->
      <class name="com.ecommercepoc.testcases.ItemDetailedPageTest">
        <test-method is-config="true" signature="setup()[pri:0, instance:com.ecommercepoc.testcases.ItemDetailedPageTest@4b013c76]" started-at="2023-05-18T11:57:19 IST" name="setup" finished-at="2023-05-18T11:57:20 IST" duration-ms="1401" status="PASS">
          <reporter-output>
          </reporter-output>
        </test-method> <!-- setup -->
        <test-method signature="addItemToCart()[pri:0, instance:com.ecommercepoc.testcases.ItemDetailedPageTest@4b013c76]" started-at="2023-05-18T11:57:20 IST" name="addItemToCart" finished-at="2023-05-18T11:57:21 IST" duration-ms="983" status="PASS">
          <reporter-output>
          </reporter-output>
        </test-method> <!-- addItemToCart -->
        <test-method is-config="true" signature="tearDown()[pri:0, instance:com.ecommercepoc.testcases.ItemDetailedPageTest@4b013c76]" started-at="2023-05-18T11:57:21 IST" name="tearDown" finished-at="2023-05-18T11:57:22 IST" duration-ms="257" status="PASS">
          <reporter-output>
          </reporter-output>
        </test-method> <!-- tearDown -->
      </class> <!-- com.ecommercepoc.testcases.ItemDetailedPageTest -->
      <class name="com.ecommercepoc.testcases.CheckoutPageTest">
        <test-method is-config="true" signature="setup()[pri:0, instance:com.ecommercepoc.testcases.CheckoutPageTest@74e28667]" started-at="2023-05-18T11:56:56 IST" name="setup" finished-at="2023-05-18T11:56:59 IST" duration-ms="3743" status="PASS">
          <reporter-output>
          </reporter-output>
        </test-method> <!-- setup -->
        <test-method signature="checkoutInformation()[pri:0, instance:com.ecommercepoc.testcases.CheckoutPageTest@74e28667]" started-at="2023-05-18T11:56:59 IST" name="checkoutInformation" finished-at="2023-05-18T11:57:01 IST" duration-ms="1827" status="PASS">
          <reporter-output>
          </reporter-output>
        </test-method> <!-- checkoutInformation -->
        <test-method is-config="true" signature="tearDown()[pri:0, instance:com.ecommercepoc.testcases.CheckoutPageTest@74e28667]" started-at="2023-05-18T11:57:01 IST" name="tearDown" finished-at="2023-05-18T11:57:01 IST" duration-ms="268" status="PASS">
          <reporter-output>
          </reporter-output>
        </test-method> <!-- tearDown -->
      </class> <!-- com.ecommercepoc.testcases.CheckoutPageTest -->
      <class name="com.ecommercepoc.testcases.InventoryPageTest">
        <test-method is-config="true" signature="setup()[pri:0, instance:com.ecommercepoc.testcases.InventoryPageTest@33065d67]" started-at="2023-05-18T11:57:30 IST" name="setup" finished-at="2023-05-18T11:57:31 IST" duration-ms="1893" status="PASS">
          <reporter-output>
          </reporter-output>
        </test-method> <!-- setup -->
        <test-method signature="selectAnItem()[pri:0, instance:com.ecommercepoc.testcases.InventoryPageTest@33065d67]" started-at="2023-05-18T11:57:31 IST" name="selectAnItem" finished-at="2023-05-18T11:57:32 IST" duration-ms="629" status="PASS">
          <reporter-output>
          </reporter-output>
        </test-method> <!-- selectAnItem -->
        <test-method is-config="true" signature="tearDown()[pri:0, instance:com.ecommercepoc.testcases.InventoryPageTest@33065d67]" started-at="2023-05-18T11:57:32 IST" name="tearDown" finished-at="2023-05-18T11:57:32 IST" duration-ms="178" status="PASS">
          <reporter-output>
          </reporter-output>
        </test-method> <!-- tearDown -->
        <test-method is-config="true" signature="setup()[pri:0, instance:com.ecommercepoc.testcases.InventoryPageTest@33065d67]" started-at="2023-05-18T11:57:32 IST" name="setup" finished-at="2023-05-18T11:57:35 IST" duration-ms="2421" status="PASS">
          <reporter-output>
          </reporter-output>
        </test-method> <!-- setup -->
        <test-method signature="verifyProductprsence()[pri:0, instance:com.ecommercepoc.testcases.InventoryPageTest@33065d67]" started-at="2023-05-18T11:57:35 IST" name="verifyProductprsence" finished-at="2023-05-18T11:57:35 IST" duration-ms="510" status="PASS">
          <reporter-output>
          </reporter-output>
        </test-method> <!-- verifyProductprsence -->
        <test-method is-config="true" signature="tearDown()[pri:0, instance:com.ecommercepoc.testcases.InventoryPageTest@33065d67]" started-at="2023-05-18T11:57:35 IST" name="tearDown" finished-at="2023-05-18T11:57:35 IST" duration-ms="243" status="PASS">
          <reporter-output>
          </reporter-output>
        </test-method> <!-- tearDown -->
      </class> <!-- com.ecommercepoc.testcases.InventoryPageTest -->
      <class name="com.ecommercepoc.testcases.loginPageTest">
        <test-method is-config="true" signature="setup()[pri:0, instance:com.ecommercepoc.testcases.loginPageTest@548d708a]" started-at="2023-05-18T11:57:05 IST" name="setup" finished-at="2023-05-18T11:57:14 IST" duration-ms="8521" status="PASS">
          <reporter-output>
          </reporter-output>
        </test-method> <!-- setup -->
        <test-method signature="loginTest(java.lang.String,java.lang.String)[pri:0, instance:com.ecommercepoc.testcases.loginPageTest@548d708a]" started-at="2023-05-18T11:57:14 IST" name="loginTest" data-provider="credentials" finished-at="2023-05-18T11:57:14 IST" duration-ms="444" status="PASS">
          <params>
            <param index="0">
              <value>
                <![CDATA[standard_user]]>
              </value>
            </param>
            <param index="1">
              <value>
                <![CDATA[secret_sauce]]>
              </value>
            </param>
          </params>
          <reporter-output>
          </reporter-output>
        </test-method> <!-- loginTest -->
        <test-method is-config="true" signature="tearDown()[pri:0, instance:com.ecommercepoc.testcases.loginPageTest@548d708a]" started-at="2023-05-18T11:57:14 IST" name="tearDown" finished-at="2023-05-18T11:57:15 IST" duration-ms="166" status="PASS">
          <reporter-output>
          </reporter-output>
        </test-method> <!-- tearDown -->
        <test-method is-config="true" signature="setup()[pri:0, instance:com.ecommercepoc.testcases.loginPageTest@548d708a]" started-at="2023-05-18T11:57:15 IST" name="setup" finished-at="2023-05-18T11:57:17 IST" duration-ms="2144" status="PASS">
          <reporter-output>
          </reporter-output>
        </test-method> <!-- setup -->
        <test-method signature="verifyLogo()[pri:0, instance:com.ecommercepoc.testcases.loginPageTest@548d708a]" started-at="2023-05-18T11:57:17 IST" name="verifyLogo" finished-at="2023-05-18T11:57:17 IST" duration-ms="48" status="PASS">
          <reporter-output>
          </reporter-output>
        </test-method> <!-- verifyLogo -->
        <test-method is-config="true" signature="tearDown()[pri:0, instance:com.ecommercepoc.testcases.loginPageTest@548d708a]" started-at="2023-05-18T11:57:17 IST" name="tearDown" finished-at="2023-05-18T11:57:17 IST" duration-ms="185" status="PASS">
          <reporter-output>
          </reporter-output>
        </test-method> <!-- tearDown -->
        <test-method is-config="true" signature="setup()[pri:0, instance:com.ecommercepoc.testcases.loginPageTest@548d708a]" started-at="2023-05-18T11:57:17 IST" name="setup" finished-at="2023-05-18T11:57:19 IST" duration-ms="1854" status="PASS">
          <reporter-output>
          </reporter-output>
        </test-method> <!-- setup -->
        <test-method signature="verifyTitle()[pri:0, instance:com.ecommercepoc.testcases.loginPageTest@548d708a]" started-at="2023-05-18T11:57:19 IST" name="verifyTitle" finished-at="2023-05-18T11:57:19 IST" duration-ms="9" status="PASS">
          <reporter-output>
          </reporter-output>
        </test-method> <!-- verifyTitle -->
        <test-method is-config="true" signature="tearDown()[pri:0, instance:com.ecommercepoc.testcases.loginPageTest@548d708a]" started-at="2023-05-18T11:57:19 IST" name="tearDown" finished-at="2023-05-18T11:57:19 IST" duration-ms="169" status="PASS">
          <reporter-output>
          </reporter-output>
        </test-method> <!-- tearDown -->
      </class> <!-- com.ecommercepoc.testcases.loginPageTest -->
      <class name="com.ecommercepoc.testcases.CartPageTest">
        <test-method is-config="true" signature="setup()[pri:0, instance:com.ecommercepoc.testcases.CartPageTest@53fb3dab]" started-at="2023-05-18T11:57:22 IST" name="setup" finished-at="2023-05-18T11:57:23 IST" duration-ms="1704" status="PASS">
          <reporter-output>
          </reporter-output>
        </test-method> <!-- setup -->
        <test-method signature="checkOutItem()[pri:0, instance:com.ecommercepoc.testcases.CartPageTest@53fb3dab]" started-at="2023-05-18T11:57:23 IST" name="checkOutItem" finished-at="2023-05-18T11:57:24 IST" duration-ms="1094" status="PASS">
          <reporter-output>
          </reporter-output>
        </test-method> <!-- checkOutItem -->
        <test-method is-config="true" signature="tearDown()[pri:0, instance:com.ecommercepoc.testcases.CartPageTest@53fb3dab]" started-at="2023-05-18T11:57:24 IST" name="tearDown" finished-at="2023-05-18T11:57:25 IST" duration-ms="178" status="PASS">
          <reporter-output>
          </reporter-output>
        </test-method> <!-- tearDown -->
      </class> <!-- com.ecommercepoc.testcases.CartPageTest -->
    </test> <!-- Test_All -->
    <test started-at="2023-05-18T11:57:35 IST" name="Method Test Cases" finished-at="2023-05-18T11:57:35 IST" duration-ms="0">
      <class name="com.ecommercepoc.testcases.CheckoutPageTest">
        <test-method is-config="true" signature="loadConfig()[pri:0, instance:com.ecommercepoc.testcases.CheckoutPageTest@7d9d0818]" started-at="2023-05-18T11:56:55 IST" name="loadConfig" finished-at="2023-05-18T11:56:55 IST" duration-ms="699" status="PASS">
          <reporter-output>
          </reporter-output>
        </test-method> <!-- loadConfig -->
        <test-method is-config="true" signature="afterSuite()[pri:0, instance:com.ecommercepoc.testcases.CheckoutPageTest@7d9d0818]" started-at="2023-05-18T11:57:35 IST" name="afterSuite" finished-at="2023-05-18T11:57:36 IST" duration-ms="259" status="PASS">
          <reporter-output>
          </reporter-output>
        </test-method> <!-- afterSuite -->
      </class> <!-- com.ecommercepoc.testcases.CheckoutPageTest -->
    </test> <!-- Method Test Cases -->
  </suite> <!-- Suite -->
</testng-results>
