<?xml version="1.0" encoding="UTF-8"?>
<testng-results ignored="13" total="23" passed="10" failed="0" skipped="0">
  <reporter-output>
  </reporter-output>
  <suite started-at="2023-05-18T12:22:23 IST" name="Suite" finished-at="2023-05-18T12:22:59 IST" duration-ms="36287">
    <groups>
      <group name="Sanity">
        <method signature="ItemDetailedPageTest.addItemToCart()[pri:0, instance:com.ecommercepoc.testcases.ItemDetailedPageTest@4b013c76]" name="addItemToCart" class="com.ecommercepoc.testcases.ItemDetailedPageTest"/>
        <method signature="loginPageTest.loginTest(java.lang.String,java.lang.String)[pri:0, instance:com.ecommercepoc.testcases.loginPageTest@548d708a]" name="loginTest" class="com.ecommercepoc.testcases.loginPageTest"/>
      </group> <!-- Sanity -->
      <group name="Regression">
        <method signature="ItemDetailedPageTest.addItemToCart()[pri:0, instance:com.ecommercepoc.testcases.ItemDetailedPageTest@4b013c76]" name="addItemToCart" class="com.ecommercepoc.testcases.ItemDetailedPageTest"/>
      </group> <!-- Regression -->
      <group name="Smoke">
        <method signature="loginPageTest.loginTest(java.lang.String,java.lang.String)[pri:0, instance:com.ecommercepoc.testcases.loginPageTest@548d708a]" name="loginTest" class="com.ecommercepoc.testcases.loginPageTest"/>
        <method signature="loginPageTest.verifyLogo()[pri:0, instance:com.ecommercepoc.testcases.loginPageTest@548d708a]" name="verifyLogo" class="com.ecommercepoc.testcases.loginPageTest"/>
        <method signature="loginPageTest.verifyTitle()[pri:0, instance:com.ecommercepoc.testcases.loginPageTest@548d708a]" name="verifyTitle" class="com.ecommercepoc.testcases.loginPageTest"/>
      </group> <!-- Smoke -->
    </groups>
    <test started-at="2023-05-18T12:22:23 IST" name="Test_All" finished-at="2023-05-18T12:22:59 IST" duration-ms="36264">
      <class name="com.ecommercepoc.testcases.CheckoutOverviewPageTest">
        <test-method is-config="true" signature="setup()[pri:0, instance:com.ecommercepoc.testcases.CheckoutOverviewPageTest@4be29ed9]" started-at="2023-05-18T12:22:27 IST" name="setup" finished-at="2023-05-18T12:22:28 IST" duration-ms="1408" status="PASS">
          <reporter-output>
          </reporter-output>
        </test-method> <!-- setup -->
        <test-method signature="verifyTotalPrice()[pri:0, instance:com.ecommercepoc.testcases.CheckoutOverviewPageTest@4be29ed9]" started-at="2023-05-18T12:22:28 IST" name="verifyTotalPrice" finished-at="2023-05-18T12:22:30 IST" duration-ms="1768" status="PASS">
          <reporter-output>
          </reporter-output>
        </test-method> <!-- verifyTotalPrice -->
        <test-method is-config="true" signature="tearDown()[pri:0, instance:com.ecommercepoc.testcases.CheckoutOverviewPageTest@4be29ed9]" started-at="2023-05-18T12:22:30 IST" name="tearDown" finished-at="2023-05-18T12:22:30 IST" duration-ms="246" status="PASS">
          <reporter-output>
          </reporter-output>
        </test-method> <!-- tearDown -->
      </class> <!-- com.ecommercepoc.testcases.CheckoutOverviewPageTest -->
      <class name="com.ecommercepoc.testcases.CheckoutCompletePageTest">
        <test-method is-config="true" signature="setup()[pri:0, instance:com.ecommercepoc.testcases.CheckoutCompletePageTest@cb0755b]" started-at="2023-05-18T12:22:42 IST" name="setup" finished-at="2023-05-18T12:22:44 IST" duration-ms="1919" status="PASS">
          <reporter-output>
          </reporter-output>
        </test-method> <!-- setup -->
        <test-method signature="verifyCOnfifrmOrder()[pri:0, instance:com.ecommercepoc.testcases.CheckoutCompletePageTest@cb0755b]" started-at="2023-05-18T12:22:44 IST" name="verifyCOnfifrmOrder" finished-at="2023-05-18T12:22:46 IST" duration-ms="1979" status="PASS">
          <reporter-output>
          </reporter-output>
        </test-method> <!-- verifyCOnfifrmOrder -->
        <test-method is-config="true" signature="tearDown()[pri:0, instance:com.ecommercepoc.testcases.CheckoutCompletePageTest@cb0755b]" started-at="2023-05-18T12:22:46 IST" name="tearDown" finished-at="2023-05-18T12:22:46 IST" duration-ms="211" status="PASS">
          <reporter-output>
          </reporter-output>
        </test-method> <!-- tearDown -->
      </class> <!-- com.ecommercepoc.testcases.CheckoutCompletePageTest -->
      <class name="com.ecommercepoc.testcases.ItemDetailedPageTest">
        <test-method is-config="true" signature="setup()[pri:0, instance:com.ecommercepoc.testcases.ItemDetailedPageTest@4b013c76]" started-at="2023-05-18T12:22:37 IST" name="setup" finished-at="2023-05-18T12:22:38 IST" duration-ms="1332" status="PASS">
          <reporter-output>
          </reporter-output>
        </test-method> <!-- setup -->
        <test-method signature="addItemToCart()[pri:0, instance:com.ecommercepoc.testcases.ItemDetailedPageTest@4b013c76]" started-at="2023-05-18T12:22:38 IST" name="addItemToCart" finished-at="2023-05-18T12:22:39 IST" duration-ms="999" status="PASS">
          <reporter-output>
          </reporter-output>
        </test-method> <!-- addItemToCart -->
        <test-method is-config="true" signature="tearDown()[pri:0, instance:com.ecommercepoc.testcases.ItemDetailedPageTest@4b013c76]" started-at="2023-05-18T12:22:39 IST" name="tearDown" finished-at="2023-05-18T12:22:39 IST" duration-ms="197" status="PASS">
          <reporter-output>
          </reporter-output>
        </test-method> <!-- tearDown -->
      </class> <!-- com.ecommercepoc.testcases.ItemDetailedPageTest -->
      <class name="com.ecommercepoc.testcases.CheckoutPageTest">
        <test-method is-config="true" signature="setup()[pri:0, instance:com.ecommercepoc.testcases.CheckoutPageTest@74e28667]" started-at="2023-05-18T12:22:23 IST" name="setup" finished-at="2023-05-18T12:22:25 IST" duration-ms="2336" status="PASS">
          <reporter-output>
          </reporter-output>
        </test-method> <!-- setup -->
        <test-method signature="checkoutInformation()[pri:0, instance:com.ecommercepoc.testcases.CheckoutPageTest@74e28667]" started-at="2023-05-18T12:22:25 IST" name="checkoutInformation" finished-at="2023-05-18T12:22:27 IST" duration-ms="1699" status="PASS">
          <reporter-output>
          </reporter-output>
        </test-method> <!-- checkoutInformation -->
        <test-method is-config="true" signature="tearDown()[pri:0, instance:com.ecommercepoc.testcases.CheckoutPageTest@74e28667]" started-at="2023-05-18T12:22:27 IST" name="tearDown" finished-at="2023-05-18T12:22:27 IST" duration-ms="215" status="PASS">
          <reporter-output>
          </reporter-output>
        </test-method> <!-- tearDown -->
      </class> <!-- com.ecommercepoc.testcases.CheckoutPageTest -->
      <class name="com.ecommercepoc.testcases.InventoryPageTest">
        <test-method is-config="true" signature="setup()[pri:0, instance:com.ecommercepoc.testcases.InventoryPageTest@33065d67]" started-at="2023-05-18T12:22:46 IST" name="setup" finished-at="2023-05-18T12:22:51 IST" duration-ms="4832" status="PASS">
          <reporter-output>
          </reporter-output>
        </test-method> <!-- setup -->
        <test-method signature="selectAnItem()[pri:0, instance:com.ecommercepoc.testcases.InventoryPageTest@33065d67]" started-at="2023-05-18T12:22:51 IST" name="selectAnItem" finished-at="2023-05-18T12:22:52 IST" duration-ms="567" status="PASS">
          <reporter-output>
          </reporter-output>
        </test-method> <!-- selectAnItem -->
        <test-method is-config="true" signature="tearDown()[pri:0, instance:com.ecommercepoc.testcases.InventoryPageTest@33065d67]" started-at="2023-05-18T12:22:52 IST" name="tearDown" finished-at="2023-05-18T12:22:52 IST" duration-ms="167" status="PASS">
          <reporter-output>
          </reporter-output>
        </test-method> <!-- tearDown -->
        <test-method is-config="true" signature="setup()[pri:0, instance:com.ecommercepoc.testcases.InventoryPageTest@33065d67]" started-at="2023-05-18T12:22:52 IST" name="setup" finished-at="2023-05-18T12:22:58 IST" duration-ms="6472" status="PASS">
          <reporter-output>
          </reporter-output>
        </test-method> <!-- setup -->
        <test-method signature="verifyProductprsence()[pri:0, instance:com.ecommercepoc.testcases.InventoryPageTest@33065d67]" started-at="2023-05-18T12:22:58 IST" name="verifyProductprsence" finished-at="2023-05-18T12:22:59 IST" duration-ms="452" status="PASS">
          <reporter-output>
          </reporter-output>
        </test-method> <!-- verifyProductprsence -->
        <test-method is-config="true" signature="tearDown()[pri:0, instance:com.ecommercepoc.testcases.InventoryPageTest@33065d67]" started-at="2023-05-18T12:22:59 IST" name="tearDown" finished-at="2023-05-18T12:22:59 IST" duration-ms="186" status="PASS">
          <reporter-output>
          </reporter-output>
        </test-method> <!-- tearDown -->
      </class> <!-- com.ecommercepoc.testcases.InventoryPageTest -->
      <class name="com.ecommercepoc.testcases.loginPageTest">
        <test-method is-config="true" signature="setup()[pri:0, instance:com.ecommercepoc.testcases.loginPageTest@548d708a]" started-at="2023-05-18T12:22:31 IST" name="setup" finished-at="2023-05-18T12:22:32 IST" duration-ms="1508" status="PASS">
          <reporter-output>
          </reporter-output>
        </test-method> <!-- setup -->
        <test-method signature="loginTest(java.lang.String,java.lang.String)[pri:0, instance:com.ecommercepoc.testcases.loginPageTest@548d708a]" started-at="2023-05-18T12:22:32 IST" name="loginTest" data-provider="credentials" finished-at="2023-05-18T12:22:33 IST" duration-ms="610" status="PASS">
          <params>
            <param index="0">
              <value>
                <![CDATA[standard_user]]>
              </value>
            </param>
            <param index="1">
              <value>
                <![CDATA[secret_sauce]]>
              </value>
            </param>
          </params>
          <reporter-output>
          </reporter-output>
        </test-method> <!-- loginTest -->
        <test-method is-config="true" signature="tearDown()[pri:0, instance:com.ecommercepoc.testcases.loginPageTest@548d708a]" started-at="2023-05-18T12:22:33 IST" name="tearDown" finished-at="2023-05-18T12:22:33 IST" duration-ms="250" status="PASS">
          <reporter-output>
          </reporter-output>
        </test-method> <!-- tearDown -->
        <test-method is-config="true" signature="setup()[pri:0, instance:com.ecommercepoc.testcases.loginPageTest@548d708a]" started-at="2023-05-18T12:22:33 IST" name="setup" finished-at="2023-05-18T12:22:35 IST" duration-ms="1685" status="PASS">
          <reporter-output>
          </reporter-output>
        </test-method> <!-- setup -->
        <test-method signature="verifyLogo()[pri:0, instance:com.ecommercepoc.testcases.loginPageTest@548d708a]" started-at="2023-05-18T12:22:35 IST" name="verifyLogo" finished-at="2023-05-18T12:22:35 IST" duration-ms="68" status="PASS">
          <reporter-output>
          </reporter-output>
        </test-method> <!-- verifyLogo -->
        <test-method is-config="true" signature="tearDown()[pri:0, instance:com.ecommercepoc.testcases.loginPageTest@548d708a]" started-at="2023-05-18T12:22:35 IST" name="tearDown" finished-at="2023-05-18T12:22:35 IST" duration-ms="278" status="PASS">
          <reporter-output>
          </reporter-output>
        </test-method> <!-- tearDown -->
        <test-method is-config="true" signature="setup()[pri:0, instance:com.ecommercepoc.testcases.loginPageTest@548d708a]" started-at="2023-05-18T12:22:35 IST" name="setup" finished-at="2023-05-18T12:22:36 IST" duration-ms="1461" status="PASS">
          <reporter-output>
          </reporter-output>
        </test-method> <!-- setup -->
        <test-method signature="verifyTitle()[pri:0, instance:com.ecommercepoc.testcases.loginPageTest@548d708a]" started-at="2023-05-18T12:22:36 IST" name="verifyTitle" finished-at="2023-05-18T12:22:37 IST" duration-ms="10" status="PASS">
          <reporter-output>
          </reporter-output>
        </test-method> <!-- verifyTitle -->
        <test-method is-config="true" signature="tearDown()[pri:0, instance:com.ecommercepoc.testcases.loginPageTest@548d708a]" started-at="2023-05-18T12:22:37 IST" name="tearDown" finished-at="2023-05-18T12:22:37 IST" duration-ms="236" status="PASS">
          <reporter-output>
          </reporter-output>
        </test-method> <!-- tearDown -->
      </class> <!-- com.ecommercepoc.testcases.loginPageTest -->
      <class name="com.ecommercepoc.testcases.CartPageTest">
        <test-method is-config="true" signature="setup()[pri:0, instance:com.ecommercepoc.testcases.CartPageTest@53fb3dab]" started-at="2023-05-18T12:22:39 IST" name="setup" finished-at="2023-05-18T12:22:41 IST" duration-ms="1430" status="PASS">
          <reporter-output>
          </reporter-output>
        </test-method> <!-- setup -->
        <test-method signature="checkOutItem()[pri:0, instance:com.ecommercepoc.testcases.CartPageTest@53fb3dab]" started-at="2023-05-18T12:22:41 IST" name="checkOutItem" finished-at="2023-05-18T12:22:42 IST" duration-ms="1100" status="PASS">
          <reporter-output>
          </reporter-output>
        </test-method> <!-- checkOutItem -->
        <test-method is-config="true" signature="tearDown()[pri:0, instance:com.ecommercepoc.testcases.CartPageTest@53fb3dab]" started-at="2023-05-18T12:22:42 IST" name="tearDown" finished-at="2023-05-18T12:22:42 IST" duration-ms="188" status="PASS">
          <reporter-output>
          </reporter-output>
        </test-method> <!-- tearDown -->
      </class> <!-- com.ecommercepoc.testcases.CartPageTest -->
    </test> <!-- Test_All -->
    <test started-at="2023-05-18T12:22:59 IST" name="Method Test Cases" finished-at="2023-05-18T12:22:59 IST" duration-ms="1">
      <class name="com.ecommercepoc.testcases.CheckoutPageTest">
        <test-method is-config="true" signature="loadConfig()[pri:0, instance:com.ecommercepoc.testcases.CheckoutPageTest@7d9d0818]" started-at="2023-05-18T12:22:22 IST" name="loadConfig" finished-at="2023-05-18T12:22:23 IST" duration-ms="594" status="PASS">
          <reporter-output>
          </reporter-output>
        </test-method> <!-- loadConfig -->
        <test-method is-config="true" signature="afterSuite()[pri:0, instance:com.ecommercepoc.testcases.CheckoutPageTest@7d9d0818]" started-at="2023-05-18T12:22:59 IST" name="afterSuite" finished-at="2023-05-18T12:22:59 IST" duration-ms="240" status="PASS">
          <reporter-output>
          </reporter-output>
        </test-method> <!-- afterSuite -->
      </class> <!-- com.ecommercepoc.testcases.CheckoutPageTest -->
    </test> <!-- Method Test Cases -->
  </suite> <!-- Suite -->
</testng-results>
