<?xml version="1.0" encoding="UTF-8"?>
<!-- Generated by org.testng.reporters.JUnitXMLReporter -->
<testsuite ignored="0" hostname="TL353" failures="0" tests="3" name="Default test" time="9.867" errors="0" timestamp="2023-05-11T14:41:12 IST">
  <testcase classname="com.ecommercepoc.testcases.loginPageTest" name="loginTest" time="0.818"/>
  <testcase classname="com.ecommercepoc.testcases.loginPageTest" name="verifyLogo" time="0.112"/>
  <testcase classname="com.ecommercepoc.testcases.loginPageTest" name="verifyTitle" time="0.014"/>
</testsuite> <!-- Default test -->
