<?xml version="1.0" encoding="UTF-8"?>
<!-- Generated by org.testng.reporters.JUnitXMLReporter -->
<testsuite ignored="12" hostname="TL353" failures="0" tests="10" name="Test_All" time="39.939" errors="0" timestamp="2023-05-18T11:57:35 IST">
  <testcase classname="com.ecommercepoc.testcases.CheckoutPageTest" name="checkoutInformation" time="1.827"/>
  <testcase classname="com.ecommercepoc.testcases.CheckoutOverviewPageTest" name="verifyTotalPrice" time="1.826"/>
  <testcase classname="com.ecommercepoc.testcases.loginPageTest" name="loginTest" time="0.444"/>
  <testcase classname="com.ecommercepoc.testcases.loginPageTest" name="verifyLogo" time="0.048"/>
  <testcase classname="com.ecommercepoc.testcases.loginPageTest" name="verifyTitle" time="0.009"/>
  <testcase classname="com.ecommercepoc.testcases.ItemDetailedPageTest" name="addItemToCart" time="0.983"/>
  <testcase classname="com.ecommercepoc.testcases.CartPageTest" name="checkOutItem" time="1.094"/>
  <testcase classname="com.ecommercepoc.testcases.CheckoutCompletePageTest" name="verifyCOnfifrmOrder" time="1.88"/>
  <testcase classname="com.ecommercepoc.testcases.InventoryPageTest" name="selectAnItem" time="0.629"/>
  <testcase classname="com.ecommercepoc.testcases.InventoryPageTest" name="verifyProductprsence" time="0.51"/>
  <testcase classname="com.ecommercepoc.base.BaseClass" name="@AfterSuite afterSuite" time="0.0">
    <ignored/>
  </testcase> <!-- @AfterSuite afterSuite -->
  <testcase classname="com.ecommercepoc.base.BaseClass" name="@BeforeSuite loadConfig" time="0.0">
    <ignored/>
  </testcase> <!-- @BeforeSuite loadConfig -->
  <testcase classname="com.ecommercepoc.base.BaseClass" name="@AfterSuite afterSuite" time="0.0">
    <ignored/>
  </testcase> <!-- @AfterSuite afterSuite -->
  <testcase classname="com.ecommercepoc.base.BaseClass" name="@BeforeSuite loadConfig" time="0.0">
    <ignored/>
  </testcase> <!-- @BeforeSuite loadConfig -->
  <testcase classname="com.ecommercepoc.base.BaseClass" name="@BeforeSuite loadConfig" time="0.0">
    <ignored/>
  </testcase> <!-- @BeforeSuite loadConfig -->
  <testcase classname="com.ecommercepoc.base.BaseClass" name="@BeforeSuite loadConfig" time="0.0">
    <ignored/>
  </testcase> <!-- @BeforeSuite loadConfig -->
  <testcase classname="com.ecommercepoc.base.BaseClass" name="@AfterSuite afterSuite" time="0.0">
    <ignored/>
  </testcase> <!-- @AfterSuite afterSuite -->
  <testcase classname="com.ecommercepoc.base.BaseClass" name="@AfterSuite afterSuite" time="0.0">
    <ignored/>
  </testcase> <!-- @AfterSuite afterSuite -->
  <testcase classname="com.ecommercepoc.base.BaseClass" name="@AfterSuite afterSuite" time="0.0">
    <ignored/>
  </testcase> <!-- @AfterSuite afterSuite -->
  <testcase classname="com.ecommercepoc.base.BaseClass" name="@BeforeSuite loadConfig" time="0.0">
    <ignored/>
  </testcase> <!-- @BeforeSuite loadConfig -->
  <testcase classname="com.ecommercepoc.base.BaseClass" name="@AfterSuite afterSuite" time="0.0">
    <ignored/>
  </testcase> <!-- @AfterSuite afterSuite -->
  <testcase classname="com.ecommercepoc.base.BaseClass" name="@BeforeSuite loadConfig" time="0.0">
    <ignored/>
  </testcase> <!-- @BeforeSuite loadConfig -->
</testsuite> <!-- Test_All -->
